DEBUG:root:Logging is initialized
DEBUG:root:Logging is initialized
DEBUG:root:Scheduler init
DEBUG:root:Logging is initialized
DEBUG:root:Logging is initialized
DEBUG:root:Logging is initialized
DEBUG:root:Scheduler init
DEBUG:root:Logging is initialized
DEBUG:root:Scheduler init
DEBUG:root:Logging is initialized
DEBUG:root:Scheduler init
ERROR:root:Courses is not a list of Course objects
DEBUG:root:Logging is initialized
DEBUG:root:Scheduler init
ERROR:root:Courses is not a list of Course objects
DEBUG:root:Logging is initialized
DEBUG:root:Logging is initialized
DEBUG:root:Scheduler init
ERROR:root:Courses is not a list of Course objects
DEBUG:root:Logging is initialized
DEBUG:root:Scheduler init
ERROR:root:Courses is not a list of Course objects
DEBUG:root:Logging is initialized
DEBUG:root:Scheduler init
ERROR:root:Courses is not a list of Course objects
DEBUG:root:Logging is initialized
DEBUG:root:Scheduler init
ERROR:root:Courses is not a list of Course objects
DEBUG:root:Logging is initialized
DEBUG:root:Scheduler init
DEBUG:root:Logging is initialized
DEBUG:root:Scheduler init
DEBUG:root:Logging is initialized
DEBUG:root:Scheduler init
DEBUG:root:Logging is initialized
DEBUG:root:Scheduler init
DEBUG:root:Logging is initialized
DEBUG:root:Scheduler init
DEBUG:root:Logging is initialized
DEBUG:root:Scheduler init
DEBUG:root:Logging is initialized
DEBUG:root:Scheduler init
DEBUG:root:Logging is initialized
DEBUG:root:Scheduler init
DEBUG:root:Logging is initialized
DEBUG:root:Scheduler init
DEBUG:root:Logging is initialized
DEBUG:root:Scheduler init
DEBUG:root:Logging is initialized
DEBUG:root:Scheduler init
DEBUG:root:Logging is initialized
DEBUG:root:Scheduler init
DEBUG:root:Logging is initialized
DEBUG:root:Scheduler init
DEBUG:root:Logging is initialized
DEBUG:root:Scheduler init
DEBUG:root:Logging is initialized
DEBUG:root:Scheduler init
DEBUG:root:Logging is initialized
DEBUG:root:Scheduler init
DEBUG:root:Logging is initialized
DEBUG:root:Scheduler init
DEBUG:root:Logging is initialized
DEBUG:root:Scheduler init
DEBUG:root:Logging is initialized
DEBUG:root:Scheduler init
DEBUG:root:Logging is initialized
DEBUG:root:Scheduler init
DEBUG:root:Logging is initialized
DEBUG:root:Scheduler init
DEBUG:root:Logging is initialized
DEBUG:root:Scheduler init
ERROR:root:Rooms is not a list of Room objects
DEBUG:root:Logging is initialized
DEBUG:root:Scheduler init
ERROR:root:Rooms is not a list of Room objects
DEBUG:root:Logging is initialized
DEBUG:root:Scheduler init
ERROR:root:Rooms is not a list
DEBUG:root:Logging is initialized
DEBUG:root:Scheduler init
DEBUG:root:Logging is initialized
DEBUG:root:Scheduler init
DEBUG:root:Logging is initialized
DEBUG:root:Scheduler init
DEBUG:root:Logging is initialized
DEBUG:root:Scheduler init
DEBUG:root:Logging is initialized
DEBUG:root:Scheduler init
DEBUG:root:Logging is initialized
DEBUG:root:Scheduler init
DEBUG:root:Logging is initialized
DEBUG:root:Scheduler init
